<?xml version="1.0" encoding="UTF-8"?>
<!-- Generated by org.testng.reporters.JUnitXMLReporter -->
<testsuite hostname="Macbook-pro.local" ignored="0" name="Default test" tests="3" failures="0" timestamp="06 Jun 2017 11:03:01 GMT" time="6.767" errors="0">
  <testcase name="loginToApp" time="0.01" classname="com.api.reports.extent.SimpliscreenShot"/>
  <testcase name="verifyMyCourse" time="5.003" classname="com.api.reports.extent.SimpliscreenShot"/>
  <testcase name="verifyLogout" time="0.002" classname="com.api.reports.extent.SimpliscreenShot"/>
</testsuite> <!-- Default test -->
