<?xml version="1.0" encoding="UTF-8"?>
<testng-results skipped="0" failed="0" ignored="0" total="2" passed="2">
  <reporter-output>
  </reporter-output>
  <suite name="Suite" duration-ms="31" started-at="2017-06-10T11:50:28Z" finished-at="2017-06-10T11:50:29Z">
    <groups>
    </groups>
    <test name="Test" duration-ms="31" started-at="2017-06-10T11:50:28Z" finished-at="2017-06-10T11:50:29Z">
      <class name="com.automation.simplilearn.ios.Test2">
        <test-method status="PASS" signature="testAnything()[pri:0, instance:com.automation.simplilearn.ios.Test2@9f70c54]" name="testAnything" duration-ms="7" started-at="2017-06-10T17:20:28Z" finished-at="2017-06-10T17:20:29Z">
          <reporter-output>
          </reporter-output>
        </test-method> <!-- testAnything -->
        <test-method status="PASS" signature="testLogin()[pri:0, instance:com.automation.simplilearn.ios.Test2@9f70c54]" name="testLogin" duration-ms="1" started-at="2017-06-10T17:20:29Z" finished-at="2017-06-10T17:20:29Z">
          <reporter-output>
          </reporter-output>
        </test-method> <!-- testLogin -->
      </class> <!-- com.automation.simplilearn.ios.Test2 -->
    </test> <!-- Test -->
  </suite> <!-- Suite -->
</testng-results>
