<?xml version="1.0" encoding="UTF-8"?>
<testng-results skipped="0" failed="0" ignored="0" total="2" passed="2">
  <reporter-output>
  </reporter-output>
  <suite name="Suite" duration-ms="40" started-at="2017-06-26T12:00:31Z" finished-at="2017-06-26T12:00:31Z">
    <groups>
    </groups>
    <test name="Test" duration-ms="40" started-at="2017-06-26T12:00:31Z" finished-at="2017-06-26T12:00:31Z">
      <class name="com.automation.simplilearn.ios.Test2">
        <test-method status="PASS" signature="testAnything()[pri:0, instance:com.automation.simplilearn.ios.Test2@57fffcd7]" name="testAnything" duration-ms="11" started-at="2017-06-26T17:30:31Z" finished-at="2017-06-26T17:30:31Z">
          <reporter-output>
          </reporter-output>
        </test-method> <!-- testAnything -->
        <test-method status="PASS" signature="testLogin()[pri:0, instance:com.automation.simplilearn.ios.Test2@57fffcd7]" name="testLogin" duration-ms="2" started-at="2017-06-26T17:30:31Z" finished-at="2017-06-26T17:30:31Z">
          <reporter-output>
          </reporter-output>
        </test-method> <!-- testLogin -->
      </class> <!-- com.automation.simplilearn.ios.Test2 -->
    </test> <!-- Test -->
  </suite> <!-- Suite -->
</testng-results>
